<?xml version="1.0" encoding="UTF-8"?>
<!-- Generated by org.testng.reporters.JUnitXMLReporter -->
<testsuite hostname="DESKTOP-RL2OCF9" name="YH" tests="3" failures="3" timestamp="29 Dec 2018 09:07:03 GMT" time="10.701" errors="0">
  <testcase name="Aclickyi" time="2.002" classname="jianpanshijian.YingH2">
    <failure type="java.lang.NullPointerException">
      <![CDATA[java.lang.NullPointerException
	at jianpanshijian.YingH2.Aclickyi(YingH2.java:30)
... Removed 24 stack frames]]>
    </failure>
  </testcase> <!-- Aclickyi -->
  <testcase name="Bclickyi" time="0.029" classname="jianpanshijian.YingH2">
    <failure type="org.openqa.selenium.NoSuchFrameException" message="No frame element found by name or id leftFrame
Build info: version: &amp;apos;2.53.0&amp;apos;, revision: &amp;apos;35ae25b&amp;apos;, time: &amp;apos;2016-03-15 17:00:58&amp;apos;
System info: host: &amp;apos;DESKTOP-RL2OCF9&amp;apos;, ip: &amp;apos;169.254.178.132&amp;apos;, os.name: &amp;apos;Windows 10&amp;apos;, os.arch: &amp;apos;amd64&amp;apos;, os.version: &amp;apos;10.0&amp;apos;, java.version: &amp;apos;1.8.0_101&amp;apos;
Driver info: driver.version: unknown">
      <![CDATA[org.openqa.selenium.NoSuchFrameException: No frame element found by name or id leftFrame
Build info: version: '2.53.0', revision: '35ae25b', time: '2016-03-15 17:00:58'
System info: host: 'DESKTOP-RL2OCF9', ip: '169.254.178.132', os.name: 'Windows 10', os.arch: 'amd64', os.version: '10.0', java.version: '1.8.0_101'
Driver info: driver.version: unknown
	at org.openqa.selenium.remote.RemoteWebDriver$RemoteTargetLocator.frame(RemoteWebDriver.java:997)
	at jianpanshijian.YingH2.Bclickyi(YingH2.java:43)
... Removed 24 stack frames]]>
    </failure>
  </testcase> <!-- Bclickyi -->
  <testcase name="Cclickyi" time="0.044" classname="jianpanshijian.YingH2">
    <failure type="org.openqa.selenium.NoSuchFrameException" message="No frame element found by name or id leftFrame
Build info: version: &amp;apos;2.53.0&amp;apos;, revision: &amp;apos;35ae25b&amp;apos;, time: &amp;apos;2016-03-15 17:00:58&amp;apos;
System info: host: &amp;apos;DESKTOP-RL2OCF9&amp;apos;, ip: &amp;apos;169.254.178.132&amp;apos;, os.name: &amp;apos;Windows 10&amp;apos;, os.arch: &amp;apos;amd64&amp;apos;, os.version: &amp;apos;10.0&amp;apos;, java.version: &amp;apos;1.8.0_101&amp;apos;
Driver info: driver.version: unknown">
      <![CDATA[org.openqa.selenium.NoSuchFrameException: No frame element found by name or id leftFrame
Build info: version: '2.53.0', revision: '35ae25b', time: '2016-03-15 17:00:58'
System info: host: 'DESKTOP-RL2OCF9', ip: '169.254.178.132', os.name: 'Windows 10', os.arch: 'amd64', os.version: '10.0', java.version: '1.8.0_101'
Driver info: driver.version: unknown
	at org.openqa.selenium.remote.RemoteWebDriver$RemoteTargetLocator.frame(RemoteWebDriver.java:997)
	at jianpanshijian.YingH2.Cclickyi(YingH2.java:61)
... Removed 24 stack frames]]>
    </failure>
  </testcase> <!-- Cclickyi -->
</testsuite> <!-- YH -->
